{"C:\\Users\\Isabel\\Documents\\FUTUREPROOF\\React\\music-app\\src\\components\\index.js": {"path":"C:\\Users\\Isabel\\Documents\\FUTUREPROOF\\React\\music-app\\src\\components\\index.js","statementMap":{},"fnMap":{},"branchMap":{},"s":{},"f":{},"b":{},"_coverageSchema":"1a1c01bbd47fc00a2c39e90264f33305004495a9","hash":"b7fb31005af7d370e42a6e64eaa29fa8a558ab3b"}
,"C:\\Users\\Isabel\\Documents\\FUTUREPROOF\\React\\music-app\\src\\components\\DisplayGallery\\index.jsx": {"path":"C:\\Users\\Isabel\\Documents\\FUTUREPROOF\\React\\music-app\\src\\components\\DisplayGallery\\index.jsx","statementMap":{"0":{"start":{"line":8,"column":30},"end":{"line":42,"column":1}},"1":{"start":{"line":10,"column":16},"end":{"line":10,"column":29}},"2":{"start":{"line":12,"column":31},"end":{"line":12,"column":46}},"3":{"start":{"line":14,"column":23},"end":{"line":16,"column":4}},"4":{"start":{"line":15,"column":6},"end":{"line":15,"column":25}},"5":{"start":{"line":18,"column":24},"end":{"line":33,"column":13}},"6":{"start":{"line":18,"column":30},"end":{"line":33,"column":13}},"7":{"start":{"line":19,"column":6},"end":{"line":33,"column":12}},"8":{"start":{"line":23,"column":12},"end":{"line":23,"column":36}},"9":{"start":{"line":25,"column":12},"end":{"line":25,"column":26}},"10":{"start":{"line":36,"column":3},"end":{"line":41,"column":4}}},"fnMap":{"0":{"name":"(anonymous_0)","decl":{"start":{"line":8,"column":30},"end":{"line":8,"column":31}},"loc":{"start":{"line":8,"column":37},"end":{"line":42,"column":1}},"line":8},"1":{"name":"(anonymous_1)","decl":{"start":{"line":14,"column":23},"end":{"line":14,"column":24}},"loc":{"start":{"line":14,"column":29},"end":{"line":16,"column":4}},"line":14},"2":{"name":"(anonymous_2)","decl":{"start":{"line":18,"column":24},"end":{"line":18,"column":25}},"loc":{"start":{"line":18,"column":30},"end":{"line":33,"column":13}},"line":18},"3":{"name":"(anonymous_3)","decl":{"start":{"line":18,"column":41},"end":{"line":18,"column":42}},"loc":{"start":{"line":19,"column":6},"end":{"line":33,"column":12}},"line":19},"4":{"name":"(anonymous_4)","decl":{"start":{"line":22,"column":18},"end":{"line":22,"column":19}},"loc":{"start":{"line":22,"column":24},"end":{"line":26,"column":10}},"line":22}},"branchMap":{"0":{"loc":{"start":{"line":38,"column":10},"end":{"line":38,"column":67}},"type":"binary-expr","locations":[{"start":{"line":38,"column":10},"end":{"line":38,"column":16}},{"start":{"line":38,"column":20},"end":{"line":38,"column":67}}],"line":38},"1":{"loc":{"start":{"line":39,"column":10},"end":{"line":39,"column":62}},"type":"binary-expr","locations":[{"start":{"line":39,"column":10},"end":{"line":39,"column":16}},{"start":{"line":39,"column":20},"end":{"line":39,"column":62}}],"line":39}},"s":{"0":1,"1":0,"2":0,"3":0,"4":0,"5":0,"6":0,"7":0,"8":0,"9":0,"10":0},"f":{"0":0,"1":0,"2":0,"3":0,"4":0},"b":{"0":[0,0],"1":[0,0]},"_coverageSchema":"1a1c01bbd47fc00a2c39e90264f33305004495a9","hash":"801002d88c74099b2a1c83eb3a0d7ac55b0ff3b2"}
,"C:\\Users\\Isabel\\Documents\\FUTUREPROOF\\React\\music-app\\src\\components\\FeaturedAlbum\\index.jsx": {"path":"C:\\Users\\Isabel\\Documents\\FUTUREPROOF\\React\\music-app\\src\\components\\FeaturedAlbum\\index.jsx","statementMap":{"0":{"start":{"line":6,"column":29},"end":{"line":57,"column":1}},"1":{"start":{"line":8,"column":16},"end":{"line":8,"column":29}},"2":{"start":{"line":9,"column":47},"end":{"line":9,"column":59}},"3":{"start":{"line":10,"column":23},"end":{"line":10,"column":34}},"4":{"start":{"line":12,"column":17},"end":{"line":15,"column":4}},"5":{"start":{"line":13,"column":6},"end":{"line":13,"column":26}},"6":{"start":{"line":14,"column":6},"end":{"line":14,"column":15}},"7":{"start":{"line":17,"column":23},"end":{"line":27,"column":4}},"8":{"start":{"line":18,"column":6},"end":{"line":26,"column":7}},"9":{"start":{"line":19,"column":21},"end":{"line":19,"column":22}},"10":{"start":{"line":20,"column":9},"end":{"line":23,"column":36}},"11":{"start":{"line":21,"column":39},"end":{"line":21,"column":47}},"12":{"start":{"line":22,"column":39},"end":{"line":22,"column":74}},"13":{"start":{"line":25,"column":9},"end":{"line":25,"column":32}},"14":{"start":{"line":30,"column":3},"end":{"line":39,"column":15}},"15":{"start":{"line":31,"column":6},"end":{"line":37,"column":7}},"16":{"start":{"line":32,"column":9},"end":{"line":32,"column":79}},"17":{"start":{"line":32,"column":38},"end":{"line":32,"column":78}},"18":{"start":{"line":33,"column":24},"end":{"line":33,"column":65}},"19":{"start":{"line":33,"column":44},"end":{"line":33,"column":64}},"20":{"start":{"line":34,"column":9},"end":{"line":34,"column":34}},"21":{"start":{"line":36,"column":9},"end":{"line":36,"column":45}},"22":{"start":{"line":41,"column":3},"end":{"line":56,"column":5}}},"fnMap":{"0":{"name":"(anonymous_0)","decl":{"start":{"line":6,"column":29},"end":{"line":6,"column":30}},"loc":{"start":{"line":6,"column":38},"end":{"line":57,"column":1}},"line":6},"1":{"name":"(anonymous_1)","decl":{"start":{"line":12,"column":17},"end":{"line":12,"column":18}},"loc":{"start":{"line":12,"column":23},"end":{"line":15,"column":4}},"line":12},"2":{"name":"(anonymous_2)","decl":{"start":{"line":17,"column":23},"end":{"line":17,"column":24}},"loc":{"start":{"line":17,"column":34},"end":{"line":27,"column":4}},"line":17},"3":{"name":"(anonymous_3)","decl":{"start":{"line":20,"column":36},"end":{"line":20,"column":37}},"loc":{"start":{"line":20,"column":46},"end":{"line":23,"column":35}},"line":20},"4":{"name":"(anonymous_4)","decl":{"start":{"line":30,"column":14},"end":{"line":30,"column":15}},"loc":{"start":{"line":30,"column":20},"end":{"line":39,"column":4}},"line":30},"5":{"name":"(anonymous_5)","decl":{"start":{"line":33,"column":37},"end":{"line":33,"column":38}},"loc":{"start":{"line":33,"column":44},"end":{"line":33,"column":64}},"line":33}},"branchMap":{"0":{"loc":{"start":{"line":32,"column":9},"end":{"line":32,"column":79}},"type":"if","locations":[{"start":{"line":32,"column":9},"end":{"line":32,"column":79}},{"start":{},"end":{}}],"line":32}},"s":{"0":1,"1":0,"2":0,"3":0,"4":0,"5":0,"6":0,"7":0,"8":0,"9":0,"10":0,"11":0,"12":0,"13":0,"14":0,"15":0,"16":0,"17":0,"18":0,"19":0,"20":0,"21":0,"22":0},"f":{"0":0,"1":0,"2":0,"3":0,"4":0,"5":0},"b":{"0":[0,0]},"_coverageSchema":"1a1c01bbd47fc00a2c39e90264f33305004495a9","hash":"eaf98cff66b1e9c52a1c3d3e1a1b7d7ad422804a"}
,"C:\\Users\\Isabel\\Documents\\FUTUREPROOF\\React\\music-app\\src\\components\\Readmore\\index.jsx": {"path":"C:\\Users\\Isabel\\Documents\\FUTUREPROOF\\React\\music-app\\src\\components\\Readmore\\index.jsx","statementMap":{"0":{"start":{"line":5,"column":17},"end":{"line":19,"column":1}},"1":{"start":{"line":6,"column":15},"end":{"line":6,"column":23}},"2":{"start":{"line":7,"column":38},"end":{"line":7,"column":52}},"3":{"start":{"line":8,"column":25},"end":{"line":10,"column":3}},"4":{"start":{"line":9,"column":4},"end":{"line":9,"column":31}},"5":{"start":{"line":11,"column":2},"end":{"line":18,"column":4}},"6":{"start":{"line":21,"column":23},"end":{"line":30,"column":1}},"7":{"start":{"line":22,"column":2},"end":{"line":29,"column":4}}},"fnMap":{"0":{"name":"(anonymous_0)","decl":{"start":{"line":5,"column":17},"end":{"line":5,"column":18}},"loc":{"start":{"line":5,"column":35},"end":{"line":19,"column":1}},"line":5},"1":{"name":"(anonymous_1)","decl":{"start":{"line":8,"column":25},"end":{"line":8,"column":26}},"loc":{"start":{"line":8,"column":31},"end":{"line":10,"column":3}},"line":8},"2":{"name":"(anonymous_2)","decl":{"start":{"line":21,"column":23},"end":{"line":21,"column":24}},"loc":{"start":{"line":21,"column":29},"end":{"line":30,"column":1}},"line":21}},"branchMap":{"0":{"loc":{"start":{"line":13,"column":7},"end":{"line":13,"column":45}},"type":"cond-expr","locations":[{"start":{"line":13,"column":20},"end":{"line":13,"column":38}},{"start":{"line":13,"column":41},"end":{"line":13,"column":45}}],"line":13},"1":{"loc":{"start":{"line":15,"column":9},"end":{"line":15,"column":51}},"type":"cond-expr","locations":[{"start":{"line":15,"column":22},"end":{"line":15,"column":36}},{"start":{"line":15,"column":39},"end":{"line":15,"column":51}}],"line":15}},"s":{"0":1,"1":1,"2":1,"3":1,"4":0,"5":1,"6":1,"7":1},"f":{"0":1,"1":0,"2":1},"b":{"0":[1,0],"1":[1,0]},"_coverageSchema":"1a1c01bbd47fc00a2c39e90264f33305004495a9","hash":"f0a9936db4d6c447423603d5580182d9a7a24589"}
,"C:\\Users\\Isabel\\Documents\\FUTUREPROOF\\React\\music-app\\src\\components\\Slideshow\\index.jsx": {"path":"C:\\Users\\Isabel\\Documents\\FUTUREPROOF\\React\\music-app\\src\\components\\Slideshow\\index.jsx","statementMap":{"0":{"start":{"line":6,"column":38},"end":{"line":6,"column":50}},"1":{"start":{"line":7,"column":55},"end":{"line":7,"column":67}},"2":{"start":{"line":8,"column":43},"end":{"line":8,"column":54}},"3":{"start":{"line":9,"column":47},"end":{"line":9,"column":59}},"4":{"start":{"line":10,"column":53},"end":{"line":10,"column":65}},"5":{"start":{"line":12,"column":3},"end":{"line":47,"column":40}},"6":{"start":{"line":13,"column":7},"end":{"line":13,"column":28}},"7":{"start":{"line":14,"column":7},"end":{"line":16,"column":10}},"8":{"start":{"line":18,"column":7},"end":{"line":26,"column":8}},"9":{"start":{"line":19,"column":11},"end":{"line":21,"column":14}},"10":{"start":{"line":23,"column":11},"end":{"line":25,"column":14}},"11":{"start":{"line":28,"column":7},"end":{"line":36,"column":8}},"12":{"start":{"line":29,"column":11},"end":{"line":31,"column":14}},"13":{"start":{"line":33,"column":11},"end":{"line":35,"column":14}},"14":{"start":{"line":38,"column":20},"end":{"line":44,"column":19}},"15":{"start":{"line":39,"column":11},"end":{"line":43,"column":12}},"16":{"start":{"line":40,"column":15},"end":{"line":40,"column":34}},"17":{"start":{"line":42,"column":15},"end":{"line":42,"column":47}},"18":{"start":{"line":46,"column":7},"end":{"line":46,"column":40}},"19":{"start":{"line":46,"column":20},"end":{"line":46,"column":39}},"20":{"start":{"line":50,"column":7},"end":{"line":54,"column":8}},"21":{"start":{"line":51,"column":11},"end":{"line":51,"column":43}},"22":{"start":{"line":53,"column":11},"end":{"line":53,"column":48}},"23":{"start":{"line":58,"column":7},"end":{"line":62,"column":8}},"24":{"start":{"line":59,"column":11},"end":{"line":59,"column":30}},"25":{"start":{"line":61,"column":11},"end":{"line":61,"column":43}},"26":{"start":{"line":65,"column":3},"end":{"line":84,"column":4}}},"fnMap":{"0":{"name":"Slideshow","decl":{"start":{"line":5,"column":16},"end":{"line":5,"column":25}},"loc":{"start":{"line":5,"column":53},"end":{"line":85,"column":1}},"line":5},"1":{"name":"(anonymous_1)","decl":{"start":{"line":12,"column":13},"end":{"line":12,"column":14}},"loc":{"start":{"line":12,"column":17},"end":{"line":47,"column":4}},"line":12},"2":{"name":"(anonymous_2)","decl":{"start":{"line":38,"column":32},"end":{"line":38,"column":33}},"loc":{"start":{"line":38,"column":36},"end":{"line":44,"column":8}},"line":38},"3":{"name":"(anonymous_3)","decl":{"start":{"line":46,"column":14},"end":{"line":46,"column":15}},"loc":{"start":{"line":46,"column":20},"end":{"line":46,"column":39}},"line":46},"4":{"name":"previous","decl":{"start":{"line":49,"column":12},"end":{"line":49,"column":20}},"loc":{"start":{"line":49,"column":22},"end":{"line":55,"column":4}},"line":49},"5":{"name":"next","decl":{"start":{"line":57,"column":12},"end":{"line":57,"column":16}},"loc":{"start":{"line":57,"column":18},"end":{"line":63,"column":4}},"line":57}},"branchMap":{"0":{"loc":{"start":{"line":5,"column":27},"end":{"line":5,"column":36}},"type":"default-arg","locations":[{"start":{"line":5,"column":34},"end":{"line":5,"column":36}}],"line":5},"1":{"loc":{"start":{"line":5,"column":38},"end":{"line":5,"column":51}},"type":"default-arg","locations":[{"start":{"line":5,"column":47},"end":{"line":5,"column":51}}],"line":5},"2":{"loc":{"start":{"line":18,"column":7},"end":{"line":26,"column":8}},"type":"if","locations":[{"start":{"line":18,"column":7},"end":{"line":26,"column":8}},{"start":{"line":22,"column":12},"end":{"line":26,"column":8}}],"line":18},"3":{"loc":{"start":{"line":28,"column":7},"end":{"line":36,"column":8}},"type":"if","locations":[{"start":{"line":28,"column":7},"end":{"line":36,"column":8}},{"start":{"line":32,"column":12},"end":{"line":36,"column":8}}],"line":28},"4":{"loc":{"start":{"line":39,"column":11},"end":{"line":43,"column":12}},"type":"if","locations":[{"start":{"line":39,"column":11},"end":{"line":43,"column":12}},{"start":{"line":41,"column":16},"end":{"line":43,"column":12}}],"line":39},"5":{"loc":{"start":{"line":50,"column":7},"end":{"line":54,"column":8}},"type":"if","locations":[{"start":{"line":50,"column":7},"end":{"line":54,"column":8}},{"start":{"line":52,"column":12},"end":{"line":54,"column":8}}],"line":50},"6":{"loc":{"start":{"line":58,"column":7},"end":{"line":62,"column":8}},"type":"if","locations":[{"start":{"line":58,"column":7},"end":{"line":62,"column":8}},{"start":{"line":60,"column":12},"end":{"line":62,"column":8}}],"line":58}},"s":{"0":10,"1":10,"2":10,"3":10,"4":10,"5":10,"6":5,"7":5,"8":5,"9":0,"10":5,"11":5,"12":0,"13":5,"14":5,"15":1,"16":0,"17":1,"18":5,"19":5,"20":0,"21":0,"22":0,"23":0,"24":0,"25":0,"26":10},"f":{"0":10,"1":5,"2":1,"3":5,"4":0,"5":0},"b":{"0":[0],"1":[0],"2":[0,5],"3":[0,5],"4":[0,1],"5":[0,0],"6":[0,0]},"_coverageSchema":"1a1c01bbd47fc00a2c39e90264f33305004495a9","hash":"084e9d8c27ee48c7b6ff9a9a2453e3de5ec25690"}
,"C:\\Users\\Isabel\\Documents\\FUTUREPROOF\\React\\music-app\\src\\data\\data.js": {"path":"C:\\Users\\Isabel\\Documents\\FUTUREPROOF\\React\\music-app\\src\\data\\data.js","statementMap":{"0":{"start":{"line":1,"column":22},"end":{"line":12,"column":1}},"1":{"start":{"line":14,"column":22},"end":{"line":19,"column":1}},"2":{"start":{"line":21,"column":26},"end":{"line":21,"column":2312}},"3":{"start":{"line":23,"column":26},"end":{"line":23,"column":907}}},"fnMap":{},"branchMap":{},"s":{"0":1,"1":1,"2":1,"3":1},"f":{},"b":{},"_coverageSchema":"1a1c01bbd47fc00a2c39e90264f33305004495a9","hash":"05a2af3ca589c872b376bd0e9496ae2408e5c9dd"}
,"C:\\Users\\Isabel\\Documents\\FUTUREPROOF\\React\\music-app\\src\\pages\\Biography\\index.jsx": {"path":"C:\\Users\\Isabel\\Documents\\FUTUREPROOF\\React\\music-app\\src\\pages\\Biography\\index.jsx","statementMap":{"0":{"start":{"line":11,"column":3},"end":{"line":22,"column":4}}},"fnMap":{"0":{"name":"Biography","decl":{"start":{"line":8,"column":16},"end":{"line":8,"column":25}},"loc":{"start":{"line":8,"column":28},"end":{"line":24,"column":1}},"line":8}},"branchMap":{},"s":{"0":1},"f":{"0":1},"b":{},"_coverageSchema":"1a1c01bbd47fc00a2c39e90264f33305004495a9","hash":"4c867d83a3064aa7f4357fb13995175a5bd764ba"}
}
