TN:
SF:src\components\index.js
FNF:0
FNH:0
LF:0
LH:0
BRF:0
BRH:0
end_of_record
TN:
SF:src\components\DisplayGallery\index.jsx
FN:8,(anonymous_0)
FN:14,(anonymous_1)
FN:18,(anonymous_2)
FN:18,(anonymous_3)
FN:22,(anonymous_4)
FNF:5
FNH:0
FNDA:0,(anonymous_0)
FNDA:0,(anonymous_1)
FNDA:0,(anonymous_2)
FNDA:0,(anonymous_3)
FNDA:0,(anonymous_4)
DA:8,1
DA:10,0
DA:12,0
DA:14,0
DA:15,0
DA:18,0
DA:19,0
DA:23,0
DA:25,0
DA:36,0
LF:10
LH:1
BRDA:38,0,0,0
BRDA:38,0,1,0
BRDA:39,1,0,0
BRDA:39,1,1,0
BRF:4
BRH:0
end_of_record
TN:
SF:src\components\FeaturedAlbum\index.jsx
FN:6,(anonymous_0)
FN:12,(anonymous_1)
FN:17,(anonymous_2)
FN:20,(anonymous_3)
FN:30,(anonymous_4)
FN:33,(anonymous_5)
FNF:6
FNH:0
FNDA:0,(anonymous_0)
FNDA:0,(anonymous_1)
FNDA:0,(anonymous_2)
FNDA:0,(anonymous_3)
FNDA:0,(anonymous_4)
FNDA:0,(anonymous_5)
DA:6,1
DA:8,0
DA:9,0
DA:10,0
DA:12,0
DA:13,0
DA:14,0
DA:17,0
DA:18,0
DA:19,0
DA:20,0
DA:21,0
DA:22,0
DA:25,0
DA:30,0
DA:31,0
DA:32,0
DA:33,0
DA:34,0
DA:36,0
DA:41,0
LF:21
LH:1
BRDA:32,0,0,0
BRDA:32,0,1,0
BRF:2
BRH:0
end_of_record
TN:
SF:src\components\Readmore\index.jsx
FN:5,(anonymous_0)
FN:8,(anonymous_1)
FN:21,(anonymous_2)
FNF:3
FNH:2
FNDA:1,(anonymous_0)
FNDA:0,(anonymous_1)
FNDA:1,(anonymous_2)
DA:5,1
DA:6,1
DA:7,1
DA:8,1
DA:9,0
DA:11,1
DA:21,1
DA:22,1
LF:8
LH:7
BRDA:13,0,0,1
BRDA:13,0,1,0
BRDA:15,1,0,1
BRDA:15,1,1,0
BRF:4
BRH:2
end_of_record
TN:
SF:src\components\Slideshow\index.jsx
FN:5,Slideshow
FN:12,(anonymous_1)
FN:38,(anonymous_2)
FN:46,(anonymous_3)
FN:49,previous
FN:57,next
FNF:6
FNH:4
FNDA:10,Slideshow
FNDA:5,(anonymous_1)
FNDA:1,(anonymous_2)
FNDA:5,(anonymous_3)
FNDA:0,previous
FNDA:0,next
DA:6,10
DA:7,10
DA:8,10
DA:9,10
DA:10,10
DA:12,10
DA:13,5
DA:14,5
DA:18,5
DA:19,0
DA:23,5
DA:28,5
DA:29,0
DA:33,5
DA:38,5
DA:39,1
DA:40,0
DA:42,1
DA:46,5
DA:50,0
DA:51,0
DA:53,0
DA:58,0
DA:59,0
DA:61,0
DA:65,10
LF:26
LH:17
BRDA:5,0,0,0
BRDA:5,1,0,0
BRDA:18,2,0,0
BRDA:18,2,1,5
BRDA:28,3,0,0
BRDA:28,3,1,5
BRDA:39,4,0,0
BRDA:39,4,1,1
BRDA:50,5,0,0
BRDA:50,5,1,0
BRDA:58,6,0,0
BRDA:58,6,1,0
BRF:12
BRH:3
end_of_record
TN:
SF:src\data\data.js
FNF:0
FNH:0
DA:1,1
DA:14,1
DA:21,1
DA:23,1
LF:4
LH:4
BRF:0
BRH:0
end_of_record
TN:
SF:src\pages\Biography\index.jsx
FN:8,Biography
FNF:1
FNH:1
FNDA:1,Biography
DA:11,1
LF:1
LH:1
BRF:0
BRH:0
end_of_record
